<?xml version="1.0" encoding="UTF-8"?>
<!-- Generated by org.testng.reporters.JUnitXMLReporter -->
<testsuite ignored="3" hostname="DESKTOP-EIC10K6" failures="0" tests="1" name="Default test" time="75.475" errors="0" timestamp="2023-11-28T11:26:43 IST">
  <testcase classname="test.NotesTest" name="verifyAddNote" time="12.713"/>
  <testcase classname="test.NotesTest" name="verifySearchNote" time="0.0">
    <ignored/>
  </testcase> <!-- verifySearchNote -->
  <testcase classname="test.NotesTest" name="verifyEditNote" time="0.0">
    <ignored/>
  </testcase> <!-- verifyEditNote -->
  <testcase classname="test.NotesTest" name="verifyDeleteEditNote" time="0.0">
    <ignored/>
  </testcase> <!-- verifyDeleteEditNote -->
</testsuite> <!-- Default test -->
