<?xml version="1.0" encoding="UTF-8"?>
<!-- Generated by org.testng.reporters.JUnitXMLReporter -->
<testsuite ignored="0" hostname="DESKTOP-EIC10K6" failures="0" tests="4" name="Default test" time="41.829" errors="0" timestamp="2023-12-10T20:13:42 IST">
  <testcase classname="test.ClientTest" name="verifyAddNote" time="9.44"/>
  <testcase classname="test.ClientTest" name="verifySearchNote" time="3.279"/>
  <testcase classname="test.ClientTest" name="verifyEditNote" time="4.886"/>
  <testcase classname="test.ClientTest" name="verifyDeleteEditNote" time="3.213"/>
</testsuite> <!-- Default test -->
