<?xml version="1.0" encoding="UTF-8"?>
<testng-results ignored="0" total="4" passed="4" failed="0" skipped="0">
  <reporter-output>
  </reporter-output>
  <suite started-at="2023-12-10T20:13:00 IST" name="Default suite" finished-at="2023-12-10T20:13:42 IST" duration-ms="41829">
    <groups>
      <group name="regression">
        <method signature="ClientTest.verifyAddNote()[pri:1, instance:test.ClientTest@71809907]" name="verifyAddNote" class="test.ClientTest"/>
        <method signature="ClientTest.verifyDeleteEditNote()[pri:4, instance:test.ClientTest@71809907]" name="verifyDeleteEditNote" class="test.ClientTest"/>
        <method signature="ClientTest.verifyEditNote()[pri:3, instance:test.ClientTest@71809907]" name="verifyEditNote" class="test.ClientTest"/>
        <method signature="ClientTest.verifySearchNote()[pri:2, instance:test.ClientTest@71809907]" name="verifySearchNote" class="test.ClientTest"/>
      </group> <!-- regression -->
      <group name="sanity">
        <method signature="ClientTest.verifyAddNote()[pri:1, instance:test.ClientTest@71809907]" name="verifyAddNote" class="test.ClientTest"/>
      </group> <!-- sanity -->
    </groups>
    <test started-at="2023-12-10T20:13:00 IST" name="Default test" finished-at="2023-12-10T20:13:42 IST" duration-ms="41829">
      <class name="test.ClientTest">
        <test-method is-config="true" signature="beforeMethod(java.lang.String)[pri:0, instance:test.ClientTest@71809907]" started-at="2023-12-10T20:13:00 IST" name="beforeMethod" finished-at="2023-12-10T20:13:08 IST" duration-ms="7301" status="PASS">
          <params>
            <param index="0">
              <value>
                <![CDATA[chrome]]>
              </value>
            </param>
          </params>
          <reporter-output>
          </reporter-output>
        </test-method> <!-- beforeMethod -->
        <test-method signature="verifyAddNote()[pri:1, instance:test.ClientTest@71809907]" started-at="2023-12-10T20:13:08 IST" name="verifyAddNote" finished-at="2023-12-10T20:13:17 IST" duration-ms="9440" status="PASS">
          <reporter-output>
          </reporter-output>
        </test-method> <!-- verifyAddNote -->
        <test-method is-config="true" signature="takeScreenShotOnFailure(org.testng.ITestResult)[pri:0, instance:test.ClientTest@71809907]" started-at="2023-12-10T20:13:17 IST" name="takeScreenShotOnFailure" finished-at="2023-12-10T20:13:17 IST" duration-ms="338" status="PASS">
          <params>
            <param index="0">
              <value>
                <![CDATA[[TestResult name=verifyAddNote status=SUCCESS method=ClientTest.verifyAddNote()[pri:1, instance:test.ClientTest@71809907] output={null}]]]>
              </value>
            </param>
          </params>
          <reporter-output>
          </reporter-output>
        </test-method> <!-- takeScreenShotOnFailure -->
        <test-method is-config="true" signature="beforeMethod(java.lang.String)[pri:0, instance:test.ClientTest@71809907]" started-at="2023-12-10T20:13:17 IST" name="beforeMethod" finished-at="2023-12-10T20:13:21 IST" duration-ms="3463" status="PASS">
          <params>
            <param index="0">
              <value>
                <![CDATA[chrome]]>
              </value>
            </param>
          </params>
          <reporter-output>
          </reporter-output>
        </test-method> <!-- beforeMethod -->
        <test-method signature="verifySearchNote()[pri:2, instance:test.ClientTest@71809907]" started-at="2023-12-10T20:13:21 IST" name="verifySearchNote" finished-at="2023-12-10T20:13:24 IST" duration-ms="3279" status="PASS">
          <reporter-output>
          </reporter-output>
        </test-method> <!-- verifySearchNote -->
        <test-method is-config="true" signature="takeScreenShotOnFailure(org.testng.ITestResult)[pri:0, instance:test.ClientTest@71809907]" started-at="2023-12-10T20:13:24 IST" name="takeScreenShotOnFailure" finished-at="2023-12-10T20:13:25 IST" duration-ms="343" status="PASS">
          <params>
            <param index="0">
              <value>
                <![CDATA[[TestResult name=verifySearchNote status=SUCCESS method=ClientTest.verifySearchNote()[pri:2, instance:test.ClientTest@71809907] output={null}]]]>
              </value>
            </param>
          </params>
          <reporter-output>
          </reporter-output>
        </test-method> <!-- takeScreenShotOnFailure -->
        <test-method is-config="true" signature="beforeMethod(java.lang.String)[pri:0, instance:test.ClientTest@71809907]" started-at="2023-12-10T20:13:25 IST" name="beforeMethod" finished-at="2023-12-10T20:13:29 IST" duration-ms="4603" status="PASS">
          <params>
            <param index="0">
              <value>
                <![CDATA[chrome]]>
              </value>
            </param>
          </params>
          <reporter-output>
          </reporter-output>
        </test-method> <!-- beforeMethod -->
        <test-method signature="verifyEditNote()[pri:3, instance:test.ClientTest@71809907]" started-at="2023-12-10T20:13:29 IST" name="verifyEditNote" finished-at="2023-12-10T20:13:34 IST" duration-ms="4886" status="PASS">
          <reporter-output>
          </reporter-output>
        </test-method> <!-- verifyEditNote -->
        <test-method is-config="true" signature="takeScreenShotOnFailure(org.testng.ITestResult)[pri:0, instance:test.ClientTest@71809907]" started-at="2023-12-10T20:13:34 IST" name="takeScreenShotOnFailure" finished-at="2023-12-10T20:13:34 IST" duration-ms="319" status="PASS">
          <params>
            <param index="0">
              <value>
                <![CDATA[[TestResult name=verifyEditNote status=SUCCESS method=ClientTest.verifyEditNote()[pri:3, instance:test.ClientTest@71809907] output={null}]]]>
              </value>
            </param>
          </params>
          <reporter-output>
          </reporter-output>
        </test-method> <!-- takeScreenShotOnFailure -->
        <test-method is-config="true" signature="beforeMethod(java.lang.String)[pri:0, instance:test.ClientTest@71809907]" started-at="2023-12-10T20:13:34 IST" name="beforeMethod" finished-at="2023-12-10T20:13:39 IST" duration-ms="4273" status="PASS">
          <params>
            <param index="0">
              <value>
                <![CDATA[chrome]]>
              </value>
            </param>
          </params>
          <reporter-output>
          </reporter-output>
        </test-method> <!-- beforeMethod -->
        <test-method signature="verifyDeleteEditNote()[pri:4, instance:test.ClientTest@71809907]" started-at="2023-12-10T20:13:39 IST" name="verifyDeleteEditNote" finished-at="2023-12-10T20:13:42 IST" duration-ms="3213" status="PASS">
          <reporter-output>
          </reporter-output>
        </test-method> <!-- verifyDeleteEditNote -->
        <test-method is-config="true" signature="takeScreenShotOnFailure(org.testng.ITestResult)[pri:0, instance:test.ClientTest@71809907]" started-at="2023-12-10T20:13:42 IST" name="takeScreenShotOnFailure" finished-at="2023-12-10T20:13:42 IST" duration-ms="289" status="PASS">
          <params>
            <param index="0">
              <value>
                <![CDATA[[TestResult name=verifyDeleteEditNote status=SUCCESS method=ClientTest.verifyDeleteEditNote()[pri:4, instance:test.ClientTest@71809907] output={null}]]]>
              </value>
            </param>
          </params>
          <reporter-output>
          </reporter-output>
        </test-method> <!-- takeScreenShotOnFailure -->
      </class> <!-- test.ClientTest -->
    </test> <!-- Default test -->
  </suite> <!-- Default suite -->
</testng-results>
